<?xml version="1.0" encoding="UTF-8"?>
<testng-results skipped="0" failed="0" total="3" passed="3">
  <reporter-output>
  </reporter-output>
  <suite name="Default suite" duration-ms="31" started-at="2015-01-09T03:32:00Z" finished-at="2015-01-09T03:32:00Z">
    <groups>
    </groups>
    <test name="Default test" duration-ms="31" started-at="2015-01-09T03:32:00Z" finished-at="2015-01-09T03:32:00Z">
      <class name="com.emc.pie.esa.test.CommonTest">
        <test-method status="PASS" signature="beforeSuite()[pri:0, instance:com.emc.pie.esa.test.CommonTest@208c9cdc]" name="beforeSuite" is-config="true" duration-ms="0" started-at="2015-01-09T11:32:00Z" finished-at="2015-01-09T11:32:00Z">
          <reporter-output>
          </reporter-output>
        </test-method> <!-- beforeSuite -->
        <test-method status="PASS" signature="beforeMethod()[pri:0, instance:com.emc.pie.esa.test.CommonTest@208c9cdc]" name="beforeMethod" is-config="true" duration-ms="0" started-at="2015-01-09T11:32:00Z" finished-at="2015-01-09T11:32:00Z">
          <reporter-output>
          </reporter-output>
        </test-method> <!-- beforeMethod -->
        <test-method status="PASS" signature="beforeClass()[pri:0, instance:com.emc.pie.esa.test.CommonTest@208c9cdc]" name="beforeClass" is-config="true" duration-ms="0" started-at="2015-01-09T11:32:00Z" finished-at="2015-01-09T11:32:00Z">
          <reporter-output>
          </reporter-output>
        </test-method> <!-- beforeClass -->
        <test-method status="PASS" signature="beforeTest()[pri:0, instance:com.emc.pie.esa.test.CommonTest@208c9cdc]" name="beforeTest" is-config="true" duration-ms="0" started-at="2015-01-09T11:32:00Z" finished-at="2015-01-09T11:32:00Z">
          <reporter-output>
          </reporter-output>
        </test-method> <!-- beforeTest -->
        <test-method status="PASS" signature="f(java.lang.Integer, java.lang.String)[pri:0, instance:com.emc.pie.esa.test.CommonTest@208c9cdc]" name="f" duration-ms="16" started-at="2015-01-09T11:32:00Z" data-provider="dp" finished-at="2015-01-09T11:32:00Z">
          <params>
            <param index="0">
              <value>
                <![CDATA[1]]>
              </value>
            </param>
            <param index="1">
              <value>
                <![CDATA[a]]>
              </value>
            </param>
          </params>
          <reporter-output>
          </reporter-output>
        </test-method> <!-- f -->
        <test-method status="PASS" signature="afterTest()[pri:0, instance:com.emc.pie.esa.test.CommonTest@208c9cdc]" name="afterTest" is-config="true" duration-ms="0" started-at="2015-01-09T11:32:00Z" finished-at="2015-01-09T11:32:00Z">
          <reporter-output>
          </reporter-output>
        </test-method> <!-- afterTest -->
        <test-method status="PASS" signature="afterMethod()[pri:0, instance:com.emc.pie.esa.test.CommonTest@208c9cdc]" name="afterMethod" is-config="true" duration-ms="0" started-at="2015-01-09T11:32:00Z" finished-at="2015-01-09T11:32:00Z">
          <reporter-output>
          </reporter-output>
        </test-method> <!-- afterMethod -->
        <test-method status="PASS" signature="afterClass()[pri:0, instance:com.emc.pie.esa.test.CommonTest@208c9cdc]" name="afterClass" is-config="true" duration-ms="0" started-at="2015-01-09T11:32:00Z" finished-at="2015-01-09T11:32:00Z">
          <reporter-output>
          </reporter-output>
        </test-method> <!-- afterClass -->
        <test-method status="PASS" signature="beforeMethod()[pri:0, instance:com.emc.pie.esa.test.CommonTest@208c9cdc]" name="beforeMethod" is-config="true" duration-ms="0" started-at="2015-01-09T11:32:00Z" finished-at="2015-01-09T11:32:00Z">
          <reporter-output>
          </reporter-output>
        </test-method> <!-- beforeMethod -->
        <test-method status="PASS" signature="test01()[pri:0, instance:com.emc.pie.esa.test.CommonTest@208c9cdc]" name="test01" duration-ms="0" started-at="2015-01-09T11:32:00Z" finished-at="2015-01-09T11:32:00Z">
          <reporter-output>
          </reporter-output>
        </test-method> <!-- test01 -->
        <test-method status="PASS" signature="beforeMethod()[pri:0, instance:com.emc.pie.esa.test.CommonTest@208c9cdc]" name="beforeMethod" is-config="true" duration-ms="0" started-at="2015-01-09T11:32:00Z" finished-at="2015-01-09T11:32:00Z">
          <reporter-output>
          </reporter-output>
        </test-method> <!-- beforeMethod -->
        <test-method status="PASS" signature="afterMethod()[pri:0, instance:com.emc.pie.esa.test.CommonTest@208c9cdc]" name="afterMethod" is-config="true" duration-ms="0" started-at="2015-01-09T11:32:00Z" finished-at="2015-01-09T11:32:00Z">
          <reporter-output>
          </reporter-output>
        </test-method> <!-- afterMethod -->
        <test-method status="PASS" signature="afterMethod()[pri:0, instance:com.emc.pie.esa.test.CommonTest@208c9cdc]" name="afterMethod" is-config="true" duration-ms="0" started-at="2015-01-09T11:32:00Z" finished-at="2015-01-09T11:32:00Z">
          <reporter-output>
          </reporter-output>
        </test-method> <!-- afterMethod -->
        <test-method status="PASS" signature="f(java.lang.Integer, java.lang.String)[pri:0, instance:com.emc.pie.esa.test.CommonTest@208c9cdc]" name="f" duration-ms="0" started-at="2015-01-09T11:32:00Z" data-provider="dp" finished-at="2015-01-09T11:32:00Z">
          <params>
            <param index="0">
              <value>
                <![CDATA[2]]>
              </value>
            </param>
            <param index="1">
              <value>
                <![CDATA[b]]>
              </value>
            </param>
          </params>
          <reporter-output>
          </reporter-output>
        </test-method> <!-- f -->
        <test-method status="PASS" signature="afterSuite()[pri:0, instance:com.emc.pie.esa.test.CommonTest@208c9cdc]" name="afterSuite" is-config="true" duration-ms="0" started-at="2015-01-09T11:32:00Z" finished-at="2015-01-09T11:32:00Z">
          <reporter-output>
          </reporter-output>
        </test-method> <!-- afterSuite -->
      </class> <!-- com.emc.pie.esa.test.CommonTest -->
    </test> <!-- Default test -->
  </suite> <!-- Default suite -->
</testng-results>
